<?xml version="1.0" encoding="UTF-8"?>
<!-- Generated by org.testng.reporters.JUnitReportReporter -->
<testsuite skipped="0" hostname="Nadias-MacBook-Pro.local" name="Assignment.NAssiignment.AppTest" tests="1" failures="0" timestamp="2021-09-18T01:01:52 EET" time="0.010" errors="0">
  <testcase name="testApp" time="0.010" classname="Assignment.NAssiignment.AppTest"/>
  <system-out/>
</testsuite> <!-- Assignment.NAssiignment.AppTest -->
