<?xml version="1.0" encoding="UTF-8"?>
<!-- Generated by org.testng.reporters.JUnitReportReporter -->
<testsuite skipped="0" hostname="Nadias-MacBook-Pro.local" name="tests.searchLeason" tests="5" failures="0" timestamp="2021-09-18T21:03:04 EET" time="4.531" errors="0">
  <testcase name="chooseLanguage" time="0.867" classname="tests.searchLeason"/>
  <system-out/>
  <testcase name="leasonSearch" time="1.226" classname="tests.searchLeason"/>
  <system-out/>
  <testcase name="selectSpecificLesson" time="1.058" classname="tests.searchLeason"/>
  <system-out/>
  <testcase name="clickLessonWorkSheet" time="1.286" classname="tests.searchLeason"/>
  <system-out/>
  <testcase name="countWorkSheetQuestions" time="0.094" classname="tests.searchLeason"/>
  <system-out/>
</testsuite> <!-- tests.searchLeason -->
