<?xml version="1.0" encoding="UTF-8"?>
<!-- Generated by org.testng.reporters.JUnitReportReporter -->
<testsuite skipped="0" hostname="Nadias-MacBook-Pro.local" name="tests.searchLeason" tests="5" failures="0" timestamp="2021-09-19T00:16:46 EET" time="4.551" errors="0">
  <testcase name="chooseLanguage" time="0.925" classname="tests.searchLeason"/>
  <system-out/>
  <testcase name="leasonSearch" time="1.128" classname="tests.searchLeason"/>
  <system-out/>
  <testcase name="selectSpecificLesson" time="1.051" classname="tests.searchLeason"/>
  <system-out/>
  <testcase name="clickLessonWorkSheet" time="1.352" classname="tests.searchLeason"/>
  <system-out/>
  <testcase name="countWorkSheetQuestions" time="0.095" classname="tests.searchLeason"/>
  <system-out/>
</testsuite> <!-- tests.searchLeason -->
