<?xml version="1.0" encoding="UTF-8"?>
<!-- Generated by org.testng.reporters.JUnitReportReporter -->
<testsuite skipped="0" hostname="Nadias-MacBook-Pro.local" name="tests.searchLesson" tests="5" failures="0" timestamp="2021-09-19T00:20:53 EET" time="4.108" errors="0">
  <testcase name="chooseLanguage" time="0.876" classname="tests.searchLesson"/>
  <system-out/>
  <testcase name="leasonSearch" time="0.962" classname="tests.searchLesson"/>
  <system-out/>
  <testcase name="selectSpecificLesson" time="0.960" classname="tests.searchLesson"/>
  <system-out/>
  <testcase name="clickLessonWorkSheet" time="1.263" classname="tests.searchLesson"/>
  <system-out/>
  <testcase name="countWorkSheetQuestions" time="0.047" classname="tests.searchLesson"/>
  <system-out/>
</testsuite> <!-- tests.searchLesson -->
